<?xml version="1.0" encoding="UTF-8" ?>
<testsuite tests="1" failures="0" name="me.gacl.test.MyBatisTest" time="2.337" errors="0" skipped="0">
  <properties>
    <property name="java.runtime.name" value="Java(TM) SE Runtime Environment"/>
    <property name="sun.boot.library.path" value="E:\myeclipseInstallRoot\java\jdk1.8.0_92\jre\bin"/>
    <property name="java.vm.version" value="25.92-b14"/>
    <property name="java.vm.vendor" value="Oracle Corporation"/>
    <property name="maven.multiModuleProjectDirectory" value="D:\sie\spring4-mybatis3"/>
    <property name="java.vendor.url" value="http://java.oracle.com/"/>
    <property name="path.separator" value=";"/>
    <property name="guice.disable.misplaced.annotation.check" value="true"/>
    <property name="java.vm.name" value="Java HotSpot(TM) 64-Bit Server VM"/>
    <property name="file.encoding.pkg" value="sun.io"/>
    <property name="user.script" value=""/>
    <property name="user.country" value="CN"/>
    <property name="sun.java.launcher" value="SUN_STANDARD"/>
    <property name="sun.os.patch.level" value=""/>
    <property name="java.vm.specification.name" value="Java Virtual Machine Specification"/>
    <property name="user.dir" value="D:\sie\spring4-mybatis3"/>
    <property name="java.runtime.version" value="1.8.0_92-b14"/>
    <property name="java.awt.graphicsenv" value="sun.awt.Win32GraphicsEnvironment"/>
    <property name="java.endorsed.dirs" value="E:\myeclipseInstallRoot\java\jdk1.8.0_92\jre\lib\endorsed"/>
    <property name="os.arch" value="amd64"/>
    <property name="java.io.tmpdir" value="C:\Users\琼\AppData\Local\Temp\"/>
    <property name="line.separator" value="
"/>
    <property name="java.vm.specification.vendor" value="Oracle Corporation"/>
    <property name="user.variant" value=""/>
    <property name="os.name" value="Windows 10"/>
    <property name="classworlds.conf" value="D:\sie\.metadata\.plugins\org.eclipse.m2e.launching\launches\m2conf1851338785745296460.tmp"/>
    <property name="sun.jnu.encoding" value="GBK"/>
    <property name="java.library.path" value="E:\myeclipseInstallRoot\java\jdk1.8.0_92\bin;C:\WINDOWS\Sun\Java\bin;C:\WINDOWS\system32;C:\WINDOWS;E:/myeclipseInstallRoot/java/jre1.8.0_92/bin/server;E:/myeclipseInstallRoot/java/jre1.8.0_92/bin;E:/myeclipseInstallRoot/java/jre1.8.0_92/lib/amd64;C:\ProgramData\Oracle\Java\javapath;E:\oracle\softwareLocation\bin;E:\myeclipseInstallRoot\gradle-2.13\bin;E:\myeclipseInstallRoot\java\jdk1.8.0_92\bin;E:\myeclipseInstallRoot\java\jdk1.8.0_92\jre\bin;E:\myeclipseInstallRoot\Git\cmd;C:\Program Files\TortoiseGit\bin;D:\群志学习\gradle\gradle-2.4/bin;C:\Program Files (x86)\MySQL\MySQL Fabric 1.5 &amp; MySQL Utilities 1.5\;C:\Program Files (x86)\MySQL\MySQL Fabric 1.5 &amp; MySQL Utilities 1.5\Doctrine extensions for PHP\;E:\installRoot\OpenVPN\bin;C:\Program Files\Intel\WiFi\bin\;C:\Program Files\Common Files\Intel\WirelessCommon\;E:\installRoot\mvn\apache-maven-3.3.9\bin;E:\myeclipseInstallRoot\tomcat8\bin;C:\windows\system32;;E:\myeclipseInstallRoot\e\eclipse;;."/>
    <property name="java.specification.name" value="Java Platform API Specification"/>
    <property name="java.class.version" value="52.0"/>
    <property name="sun.management.compiler" value="HotSpot 64-Bit Tiered Compilers"/>
    <property name="os.version" value="10.0"/>
    <property name="user.home" value="C:\Users\琼"/>
    <property name="user.timezone" value="Asia/Shanghai"/>
    <property name="java.awt.printerjob" value="sun.awt.windows.WPrinterJob"/>
    <property name="java.specification.version" value="1.8"/>
    <property name="file.encoding" value="GBK"/>
    <property name="user.name" value="琼"/>
    <property name="java.class.path" value="E:\installRoot\mvn\apache-maven-3.3.9\boot\plexus-classworlds-2.5.2.jar"/>
    <property name="java.vm.specification.version" value="1.8"/>
    <property name="sun.arch.data.model" value="64"/>
    <property name="java.home" value="E:\myeclipseInstallRoot\java\jdk1.8.0_92\jre"/>
    <property name="sun.java.command" value="org.codehaus.plexus.classworlds.launcher.Launcher -B -s E:\installRoot\mvn\apache-maven-3.3.9\conf\settings.xml install"/>
    <property name="java.specification.vendor" value="Oracle Corporation"/>
    <property name="user.language" value="zh"/>
    <property name="awt.toolkit" value="sun.awt.windows.WToolkit"/>
    <property name="java.vm.info" value="mixed mode"/>
    <property name="java.version" value="1.8.0_92"/>
    <property name="java.ext.dirs" value="E:\myeclipseInstallRoot\java\jdk1.8.0_92\jre\lib\ext;C:\WINDOWS\Sun\Java\lib\ext"/>
    <property name="sun.boot.class.path" value="E:\myeclipseInstallRoot\java\jdk1.8.0_92\jre\lib\resources.jar;E:\myeclipseInstallRoot\java\jdk1.8.0_92\jre\lib\rt.jar;E:\myeclipseInstallRoot\java\jdk1.8.0_92\jre\lib\sunrsasign.jar;E:\myeclipseInstallRoot\java\jdk1.8.0_92\jre\lib\jsse.jar;E:\myeclipseInstallRoot\java\jdk1.8.0_92\jre\lib\jce.jar;E:\myeclipseInstallRoot\java\jdk1.8.0_92\jre\lib\charsets.jar;E:\myeclipseInstallRoot\java\jdk1.8.0_92\jre\lib\jfr.jar;E:\myeclipseInstallRoot\java\jdk1.8.0_92\jre\classes"/>
    <property name="java.vendor" value="Oracle Corporation"/>
    <property name="maven.home" value="E:\installRoot\mvn\apache-maven-3.3.9"/>
    <property name="file.separator" value="\"/>
    <property name="java.vendor.url.bug" value="http://bugreport.sun.com/bugreport/"/>
    <property name="sun.cpu.endian" value="little"/>
    <property name="sun.io.unicode.encoding" value="UnicodeLittle"/>
    <property name="sun.desktop" value="windows"/>
    <property name="sun.cpu.isalist" value="amd64"/>
  </properties>
  <testcase classname="me.gacl.test.MyBatisTest" name="testAddUser" time="2.337"/>
</testsuite>